{"/Users/anto/Desktop/breakingbad/src/components/CharacterItem.js": {"path":"/Users/anto/Desktop/breakingbad/src/components/CharacterItem.js","statementMap":{"0":{"start":{"line":6,"column":22},"end":{"line":22,"column":1}},"1":{"start":{"line":11,"column":14},"end":{"line":11,"column":31}},"2":{"start":{"line":12,"column":4},"end":{"line":21,"column":10}},"3":{"start":{"line":24,"column":0},"end":{"line":28,"column":1}}},"fnMap":{"0":{"name":"(anonymous_0)","decl":{"start":{"line":6,"column":22},"end":{"line":6,"column":23}},"loc":{"start":{"line":10,"column":6},"end":{"line":22,"column":1}},"line":10}},"branchMap":{},"s":{"0":1,"1":5,"2":5,"3":1},"f":{"0":5},"b":{},"_coverageSchema":"1a1c01bbd47fc00a2c39e90264f33305004495a9","hash":"28306fa4951d8a4b67004f5cc01202666f86470a"}
,"/Users/anto/Desktop/breakingbad/src/components/Container.js": {"path":"/Users/anto/Desktop/breakingbad/src/components/Container.js","statementMap":{"0":{"start":{"line":5,"column":18},"end":{"line":8,"column":10}},"1":{"start":{"line":5,"column":36},"end":{"line":8,"column":10}}},"fnMap":{"0":{"name":"(anonymous_0)","decl":{"start":{"line":5,"column":18},"end":{"line":5,"column":19}},"loc":{"start":{"line":5,"column":36},"end":{"line":8,"column":10}},"line":5}},"branchMap":{},"s":{"0":1,"1":1},"f":{"0":1},"b":{},"_coverageSchema":"1a1c01bbd47fc00a2c39e90264f33305004495a9","hash":"0784698fb86f8787afb5ceebe4af94d7e0471015"}
,"/Users/anto/Desktop/breakingbad/src/components/Detail.js": {"path":"/Users/anto/Desktop/breakingbad/src/components/Detail.js","statementMap":{"0":{"start":{"line":11,"column":15},"end":{"line":29,"column":1}},"1":{"start":{"line":12,"column":13},"end":{"line":12,"column":37}},"2":{"start":{"line":13,"column":19},"end":{"line":13,"column":32}},"3":{"start":{"line":14,"column":16},"end":{"line":14,"column":26}},"4":{"start":{"line":15,"column":20},"end":{"line":15,"column":36}},"5":{"start":{"line":16,"column":18},"end":{"line":16,"column":30}},"6":{"start":{"line":18,"column":2},"end":{"line":20,"column":39}},"7":{"start":{"line":19,"column":4},"end":{"line":19,"column":58}},"8":{"start":{"line":22,"column":2},"end":{"line":24,"column":3}},"9":{"start":{"line":23,"column":4},"end":{"line":23,"column":20}},"10":{"start":{"line":26,"column":2},"end":{"line":28,"column":34}},"11":{"start":{"line":31,"column":0},"end":{"line":37,"column":1}},"12":{"start":{"line":39,"column":0},"end":{"line":45,"column":1}}},"fnMap":{"0":{"name":"(anonymous_0)","decl":{"start":{"line":11,"column":15},"end":{"line":11,"column":16}},"loc":{"start":{"line":11,"column":88},"end":{"line":29,"column":1}},"line":11},"1":{"name":"(anonymous_1)","decl":{"start":{"line":18,"column":12},"end":{"line":18,"column":13}},"loc":{"start":{"line":18,"column":18},"end":{"line":20,"column":3}},"line":18}},"branchMap":{"0":{"loc":{"start":{"line":19,"column":4},"end":{"line":19,"column":58}},"type":"binary-expr","locations":[{"start":{"line":19,"column":4},"end":{"line":19,"column":14}},{"start":{"line":19,"column":18},"end":{"line":19,"column":26}},{"start":{"line":19,"column":30},"end":{"line":19,"column":58}}],"line":19},"1":{"loc":{"start":{"line":22,"column":2},"end":{"line":24,"column":3}},"type":"if","locations":[{"start":{"line":22,"column":2},"end":{"line":24,"column":3}},{"start":{},"end":{}}],"line":22},"2":{"loc":{"start":{"line":26,"column":9},"end":{"line":28,"column":34}},"type":"cond-expr","locations":[{"start":{"line":27,"column":6},"end":{"line":27,"column":17}},{"start":{"line":28,"column":6},"end":{"line":28,"column":34}}],"line":26},"3":{"loc":{"start":{"line":26,"column":9},"end":{"line":26,"column":30}},"type":"binary-expr","locations":[{"start":{"line":26,"column":9},"end":{"line":26,"column":19}},{"start":{"line":26,"column":23},"end":{"line":26,"column":30}}],"line":26}},"s":{"0":1,"1":4,"2":4,"3":4,"4":4,"5":4,"6":4,"7":4,"8":4,"9":1,"10":3,"11":1,"12":1},"f":{"0":4,"1":4},"b":{"0":[4,3,2],"1":[1,3],"2":[2,1],"3":[3,1]},"_coverageSchema":"1a1c01bbd47fc00a2c39e90264f33305004495a9","hash":"8606d3ba853f6346c60ea9e364d56022163f1de2"}
,"/Users/anto/Desktop/breakingbad/src/components/Error.js": {"path":"/Users/anto/Desktop/breakingbad/src/components/Error.js","statementMap":{"0":{"start":{"line":5,"column":21},"end":{"line":13,"column":15}}},"fnMap":{"0":{"name":"(anonymous_0)","decl":{"start":{"line":5,"column":15},"end":{"line":5,"column":16}},"loc":{"start":{"line":5,"column":21},"end":{"line":13,"column":15}},"line":5}},"branchMap":{},"s":{"0":1},"f":{"0":1},"b":{},"_coverageSchema":"1a1c01bbd47fc00a2c39e90264f33305004495a9","hash":"a3ebb30bd53c5b6bbb5044acd95814d2bbbe9f82"}
,"/Users/anto/Desktop/breakingbad/src/components/Index.js": {"path":"/Users/anto/Desktop/breakingbad/src/components/Index.js","statementMap":{"0":{"start":{"line":10,"column":14},"end":{"line":34,"column":1}},"1":{"start":{"line":17,"column":16},"end":{"line":17,"column":26}},"2":{"start":{"line":18,"column":18},"end":{"line":18,"column":30}},"3":{"start":{"line":19,"column":22},"end":{"line":19,"column":38}},"4":{"start":{"line":20,"column":19},"end":{"line":20,"column":32}},"5":{"start":{"line":22,"column":2},"end":{"line":24,"column":48}},"6":{"start":{"line":23,"column":4},"end":{"line":23,"column":60}},"7":{"start":{"line":26,"column":2},"end":{"line":28,"column":3}},"8":{"start":{"line":27,"column":4},"end":{"line":27,"column":20}},"9":{"start":{"line":29,"column":2},"end":{"line":31,"column":3}},"10":{"start":{"line":30,"column":4},"end":{"line":30,"column":22}},"11":{"start":{"line":33,"column":2},"end":{"line":33,"column":43}},"12":{"start":{"line":37,"column":0},"end":{"line":43,"column":1}},"13":{"start":{"line":45,"column":0},"end":{"line":51,"column":1}}},"fnMap":{"0":{"name":"(anonymous_0)","decl":{"start":{"line":10,"column":14},"end":{"line":10,"column":15}},"loc":{"start":{"line":16,"column":6},"end":{"line":34,"column":1}},"line":16},"1":{"name":"(anonymous_1)","decl":{"start":{"line":22,"column":12},"end":{"line":22,"column":13}},"loc":{"start":{"line":22,"column":18},"end":{"line":24,"column":3}},"line":22}},"branchMap":{"0":{"loc":{"start":{"line":23,"column":4},"end":{"line":23,"column":60}},"type":"binary-expr","locations":[{"start":{"line":23,"column":4},"end":{"line":23,"column":16}},{"start":{"line":23,"column":20},"end":{"line":23,"column":28}},{"start":{"line":23,"column":32},"end":{"line":23,"column":60}}],"line":23},"1":{"loc":{"start":{"line":26,"column":2},"end":{"line":28,"column":3}},"type":"if","locations":[{"start":{"line":26,"column":2},"end":{"line":28,"column":3}},{"start":{},"end":{}}],"line":26},"2":{"loc":{"start":{"line":29,"column":2},"end":{"line":31,"column":3}},"type":"if","locations":[{"start":{"line":29,"column":2},"end":{"line":31,"column":3}},{"start":{},"end":{}}],"line":29}},"s":{"0":1,"1":4,"2":4,"3":4,"4":4,"5":4,"6":4,"7":4,"8":1,"9":3,"10":1,"11":2,"12":1,"13":1},"f":{"0":4,"1":4},"b":{"0":[4,4,3],"1":[1,3],"2":[1,2]},"_coverageSchema":"1a1c01bbd47fc00a2c39e90264f33305004495a9","hash":"779a82812232fc8d241784c2dbe9f5c25f0c05dc"}
,"/Users/anto/Desktop/breakingbad/src/components/Info.js": {"path":"/Users/anto/Desktop/breakingbad/src/components/Info.js","statementMap":{"0":{"start":{"line":7,"column":13},"end":{"line":57,"column":23}},"1":{"start":{"line":16,"column":6},"end":{"line":57,"column":23}},"2":{"start":{"line":44,"column":41},"end":{"line":44,"column":67}},"3":{"start":{"line":50,"column":41},"end":{"line":50,"column":67}},"4":{"start":{"line":59,"column":0},"end":{"line":67,"column":1}}},"fnMap":{"0":{"name":"(anonymous_0)","decl":{"start":{"line":7,"column":13},"end":{"line":7,"column":14}},"loc":{"start":{"line":16,"column":6},"end":{"line":57,"column":23}},"line":16},"1":{"name":"(anonymous_1)","decl":{"start":{"line":44,"column":32},"end":{"line":44,"column":33}},"loc":{"start":{"line":44,"column":41},"end":{"line":44,"column":67}},"line":44},"2":{"name":"(anonymous_2)","decl":{"start":{"line":50,"column":32},"end":{"line":50,"column":33}},"loc":{"start":{"line":50,"column":41},"end":{"line":50,"column":67}},"line":50}},"branchMap":{"0":{"loc":{"start":{"line":23,"column":23},"end":{"line":31,"column":70}},"type":"cond-expr","locations":[{"start":{"line":24,"column":18},"end":{"line":30,"column":18}},{"start":{"line":31,"column":18},"end":{"line":31,"column":70}}],"line":23},"1":{"loc":{"start":{"line":43,"column":13},"end":{"line":45,"column":32}},"type":"binary-expr","locations":[{"start":{"line":43,"column":13},"end":{"line":43,"column":23}},{"start":{"line":43,"column":27},"end":{"line":45,"column":32}}],"line":43},"2":{"loc":{"start":{"line":49,"column":13},"end":{"line":51,"column":32}},"type":"binary-expr","locations":[{"start":{"line":49,"column":13},"end":{"line":49,"column":23}},{"start":{"line":49,"column":27},"end":{"line":51,"column":32}}],"line":49}},"s":{"0":1,"1":2,"2":2,"3":4,"4":1},"f":{"0":2,"1":2,"2":4},"b":{"0":[1,1],"1":[2,2],"2":[2,2]},"_coverageSchema":"1a1c01bbd47fc00a2c39e90264f33305004495a9","hash":"8286489b518cd77a0f25c1475ec8f58328fe0eb9"}
,"/Users/anto/Desktop/breakingbad/src/components/LanguageProvider.js": {"path":"/Users/anto/Desktop/breakingbad/src/components/LanguageProvider.js","statementMap":{"0":{"start":{"line":7,"column":25},"end":{"line":12,"column":1}},"1":{"start":{"line":8,"column":19},"end":{"line":8,"column":32}},"2":{"start":{"line":9,"column":4},"end":{"line":11,"column":19}},"3":{"start":{"line":14,"column":0},"end":{"line":17,"column":1}},"4":{"start":{"line":19,"column":0},"end":{"line":21,"column":1}}},"fnMap":{"0":{"name":"(anonymous_0)","decl":{"start":{"line":7,"column":25},"end":{"line":7,"column":26}},"loc":{"start":{"line":7,"column":56},"end":{"line":12,"column":1}},"line":7}},"branchMap":{},"s":{"0":8,"1":17,"2":17,"3":8,"4":8},"f":{"0":17},"b":{},"_coverageSchema":"1a1c01bbd47fc00a2c39e90264f33305004495a9","hash":"50da01ccd660b8c7c7fea2fb7563e8a4018b2981"}
,"/Users/anto/Desktop/breakingbad/src/components/LanguageSelector.js": {"path":"/Users/anto/Desktop/breakingbad/src/components/LanguageSelector.js","statementMap":{"0":{"start":{"line":9,"column":25},"end":{"line":21,"column":1}},"1":{"start":{"line":10,"column":21},"end":{"line":10,"column":34}},"2":{"start":{"line":11,"column":19},"end":{"line":11,"column":32}},"3":{"start":{"line":12,"column":4},"end":{"line":20,"column":13}},"4":{"start":{"line":14,"column":25},"end":{"line":14,"column":62}},"5":{"start":{"line":16,"column":12},"end":{"line":18,"column":21}},"6":{"start":{"line":23,"column":0},"end":{"line":27,"column":1}},"7":{"start":{"line":29,"column":0},"end":{"line":33,"column":1}}},"fnMap":{"0":{"name":"(anonymous_0)","decl":{"start":{"line":9,"column":25},"end":{"line":9,"column":26}},"loc":{"start":{"line":9,"column":72},"end":{"line":21,"column":1}},"line":9},"1":{"name":"(anonymous_1)","decl":{"start":{"line":14,"column":18},"end":{"line":14,"column":19}},"loc":{"start":{"line":14,"column":25},"end":{"line":14,"column":62}},"line":14},"2":{"name":"(anonymous_2)","decl":{"start":{"line":15,"column":35},"end":{"line":15,"column":36}},"loc":{"start":{"line":16,"column":12},"end":{"line":18,"column":21}},"line":16}},"branchMap":{},"s":{"0":1,"1":2,"2":2,"3":2,"4":1,"5":4,"6":1,"7":1},"f":{"0":2,"1":1,"2":4},"b":{},"_coverageSchema":"1a1c01bbd47fc00a2c39e90264f33305004495a9","hash":"b33641d28fa703bf8b5548b478ccf93ce6ba959c"}
,"/Users/anto/Desktop/breakingbad/src/components/List.js": {"path":"/Users/anto/Desktop/breakingbad/src/components/List.js","statementMap":{"0":{"start":{"line":8,"column":13},"end":{"line":28,"column":1}},"1":{"start":{"line":9,"column":30},"end":{"line":9,"column":42}},"2":{"start":{"line":10,"column":19},"end":{"line":12,"column":17}},"3":{"start":{"line":11,"column":39},"end":{"line":11,"column":65}},"4":{"start":{"line":14,"column":2},"end":{"line":27,"column":5}},"5":{"start":{"line":22,"column":27},"end":{"line":22,"column":52}},"6":{"start":{"line":25,"column":53},"end":{"line":25,"column":104}},"7":{"start":{"line":30,"column":0},"end":{"line":36,"column":1}}},"fnMap":{"0":{"name":"(anonymous_0)","decl":{"start":{"line":8,"column":13},"end":{"line":8,"column":14}},"loc":{"start":{"line":8,"column":40},"end":{"line":28,"column":1}},"line":8},"1":{"name":"(anonymous_1)","decl":{"start":{"line":11,"column":25},"end":{"line":11,"column":26}},"loc":{"start":{"line":11,"column":39},"end":{"line":11,"column":65}},"line":11},"2":{"name":"(anonymous_2)","decl":{"start":{"line":22,"column":20},"end":{"line":22,"column":21}},"loc":{"start":{"line":22,"column":27},"end":{"line":22,"column":52}},"line":22},"3":{"name":"(anonymous_3)","decl":{"start":{"line":25,"column":32},"end":{"line":25,"column":33}},"loc":{"start":{"line":25,"column":53},"end":{"line":25,"column":104}},"line":25}},"branchMap":{"0":{"loc":{"start":{"line":10,"column":19},"end":{"line":12,"column":17}},"type":"cond-expr","locations":[{"start":{"line":11,"column":6},"end":{"line":11,"column":66}},{"start":{"line":12,"column":6},"end":{"line":12,"column":17}}],"line":10},"1":{"loc":{"start":{"line":25,"column":7},"end":{"line":25,"column":105}},"type":"binary-expr","locations":[{"start":{"line":25,"column":7},"end":{"line":25,"column":15}},{"start":{"line":25,"column":19},"end":{"line":25,"column":105}}],"line":25}},"s":{"0":1,"1":3,"2":3,"3":2,"4":3,"5":1,"6":5,"7":1},"f":{"0":3,"1":2,"2":1,"3":5},"b":{"0":[1,2],"1":[3,3]},"_coverageSchema":"1a1c01bbd47fc00a2c39e90264f33305004495a9","hash":"d6e3549c4c3854ee4693ffef134fc37288c8f131"}
,"/Users/anto/Desktop/breakingbad/src/components/Loading.js": {"path":"/Users/anto/Desktop/breakingbad/src/components/Loading.js","statementMap":{"0":{"start":{"line":6,"column":21},"end":{"line":11,"column":17}}},"fnMap":{"0":{"name":"(anonymous_0)","decl":{"start":{"line":6,"column":15},"end":{"line":6,"column":16}},"loc":{"start":{"line":6,"column":21},"end":{"line":11,"column":17}},"line":6}},"branchMap":{},"s":{"0":1},"f":{"0":1},"b":{},"_coverageSchema":"1a1c01bbd47fc00a2c39e90264f33305004495a9","hash":"81f015d6b3a89a2c2602742943323a231af32ee2"}
,"/Users/anto/Desktop/breakingbad/src/constants/Types.js": {"path":"/Users/anto/Desktop/breakingbad/src/constants/Types.js","statementMap":{"0":{"start":{"line":1,"column":43},"end":{"line":1,"column":72}},"1":{"start":{"line":2,"column":43},"end":{"line":2,"column":72}},"2":{"start":{"line":4,"column":41},"end":{"line":4,"column":68}},"3":{"start":{"line":5,"column":41},"end":{"line":5,"column":68}},"4":{"start":{"line":7,"column":28},"end":{"line":7,"column":42}}},"fnMap":{},"branchMap":{},"s":{"0":3,"1":3,"2":3,"3":3,"4":3},"f":{},"b":{},"_coverageSchema":"1a1c01bbd47fc00a2c39e90264f33305004495a9","hash":"6e82247a32a5e5d262f5cfd5524db3acdf2c0102"}
}
