TN:
SF:src/components/CharacterItem.js
FN:6,(anonymous_0)
FNF:1
FNH:1
FNDA:5,(anonymous_0)
DA:6,1
DA:11,5
DA:12,5
DA:24,1
LF:4
LH:4
BRF:0
BRH:0
end_of_record
TN:
SF:src/components/Container.js
FN:5,(anonymous_0)
FNF:1
FNH:1
FNDA:1,(anonymous_0)
DA:5,1
LF:1
LH:1
BRF:0
BRH:0
end_of_record
TN:
SF:src/components/Detail.js
FN:11,(anonymous_0)
FN:18,(anonymous_1)
FNF:2
FNH:2
FNDA:4,(anonymous_0)
FNDA:4,(anonymous_1)
DA:11,1
DA:12,4
DA:13,4
DA:14,4
DA:15,4
DA:16,4
DA:18,4
DA:19,4
DA:22,4
DA:23,1
DA:26,3
DA:31,1
DA:39,1
LF:13
LH:13
BRDA:19,0,0,4
BRDA:19,0,1,3
BRDA:19,0,2,2
BRDA:22,1,0,1
BRDA:22,1,1,3
BRDA:26,2,0,2
BRDA:26,2,1,1
BRDA:26,3,0,3
BRDA:26,3,1,1
BRF:9
BRH:9
end_of_record
TN:
SF:src/components/Error.js
FN:5,(anonymous_0)
FNF:1
FNH:1
FNDA:1,(anonymous_0)
DA:5,1
LF:1
LH:1
BRF:0
BRH:0
end_of_record
TN:
SF:src/components/Index.js
FN:10,(anonymous_0)
FN:22,(anonymous_1)
FNF:2
FNH:2
FNDA:4,(anonymous_0)
FNDA:4,(anonymous_1)
DA:10,1
DA:17,4
DA:18,4
DA:19,4
DA:20,4
DA:22,4
DA:23,4
DA:26,4
DA:27,1
DA:29,3
DA:30,1
DA:33,2
DA:37,1
DA:45,1
LF:14
LH:14
BRDA:23,0,0,4
BRDA:23,0,1,4
BRDA:23,0,2,3
BRDA:26,1,0,1
BRDA:26,1,1,3
BRDA:29,2,0,1
BRDA:29,2,1,2
BRF:7
BRH:7
end_of_record
TN:
SF:src/components/Info.js
FN:7,(anonymous_0)
FN:44,(anonymous_1)
FN:50,(anonymous_2)
FNF:3
FNH:3
FNDA:2,(anonymous_0)
FNDA:2,(anonymous_1)
FNDA:4,(anonymous_2)
DA:7,1
DA:16,2
DA:44,2
DA:50,4
DA:59,1
LF:5
LH:5
BRDA:23,0,0,1
BRDA:23,0,1,1
BRDA:43,1,0,2
BRDA:43,1,1,2
BRDA:49,2,0,2
BRDA:49,2,1,2
BRF:6
BRH:6
end_of_record
TN:
SF:src/components/LanguageProvider.js
FN:7,(anonymous_0)
FNF:1
FNH:1
FNDA:17,(anonymous_0)
DA:7,8
DA:8,17
DA:9,17
DA:14,8
DA:19,8
LF:5
LH:5
BRF:0
BRH:0
end_of_record
TN:
SF:src/components/LanguageSelector.js
FN:9,(anonymous_0)
FN:14,(anonymous_1)
FN:15,(anonymous_2)
FNF:3
FNH:3
FNDA:2,(anonymous_0)
FNDA:1,(anonymous_1)
FNDA:4,(anonymous_2)
DA:9,1
DA:10,2
DA:11,2
DA:12,2
DA:14,1
DA:16,4
DA:23,1
DA:29,1
LF:8
LH:8
BRF:0
BRH:0
end_of_record
TN:
SF:src/components/List.js
FN:8,(anonymous_0)
FN:11,(anonymous_1)
FN:22,(anonymous_2)
FN:25,(anonymous_3)
FNF:4
FNH:4
FNDA:3,(anonymous_0)
FNDA:2,(anonymous_1)
FNDA:1,(anonymous_2)
FNDA:5,(anonymous_3)
DA:8,1
DA:9,3
DA:10,3
DA:11,2
DA:14,3
DA:22,1
DA:25,5
DA:30,1
LF:8
LH:8
BRDA:10,0,0,1
BRDA:10,0,1,2
BRDA:25,1,0,3
BRDA:25,1,1,3
BRF:4
BRH:4
end_of_record
TN:
SF:src/components/Loading.js
FN:6,(anonymous_0)
FNF:1
FNH:1
FNDA:1,(anonymous_0)
DA:6,1
LF:1
LH:1
BRF:0
BRH:0
end_of_record
TN:
SF:src/constants/Types.js
FNF:0
FNH:0
DA:1,3
DA:2,3
DA:4,3
DA:5,3
DA:7,3
LF:5
LH:5
BRF:0
BRH:0
end_of_record
